<?xml version="1.0" encoding="UTF-8"?>
<!-- Generated by org.testng.reporters.JUnitXMLReporter -->
<testsuite ignored="0" hostname="DESKTOP-06BCFN5" failures="0" tests="6" name="Default test" time="6.81" errors="0" timestamp="2021-12-21T03:54:03 EST">
  <testcase classname="hw_13_12152021.UseOfDifferentMethods" name="getMethod" time="1.929"/>
  <testcase classname="hw_13_12152021.UseOfDifferentMethods" name="maximizeOrFullscreenMethod" time="0.167"/>
  <testcase classname="hw_13_12152021.UseOfDifferentMethods" name="deleteAllCookiesMethod" time="0.094"/>
  <testcase classname="hw_13_12152021.UseOfDifferentMethods" name="sleepMethod" time="3.004"/>
  <testcase classname="hw_13_12152021.UseOfDifferentMethods" name="clickMethod" time="0.109"/>
  <testcase classname="hw_13_12152021.UseOfDifferentMethods" name="quitMethod" time="0.29"/>
</testsuite> <!-- Default test -->
