<?xml version="1.0" encoding="UTF-8"?>
<testng-results ignored="0" total="6" passed="6" failed="0" skipped="0">
  <reporter-output>
  </reporter-output>
  <suite started-at="2021-12-21T03:53:57 EST" name="Default suite" finished-at="2021-12-21T03:54:03 EST" duration-ms="6810">
    <groups>
    </groups>
    <test started-at="2021-12-21T03:53:57 EST" name="Default test" finished-at="2021-12-21T03:54:03 EST" duration-ms="6810">
      <class name="hw_13_12152021.UseOfDifferentMethods">
        <test-method is-config="true" signature="setUp()[pri:0, instance:hw_13_12152021.UseOfDifferentMethods@6a84a97d]" started-at="2021-12-21T03:53:57 EST" name="setUp" finished-at="2021-12-21T03:53:58 EST" duration-ms="1179" status="PASS">
          <reporter-output>
          </reporter-output>
        </test-method> <!-- setUp -->
        <test-method signature="getMethod()[pri:1, instance:hw_13_12152021.UseOfDifferentMethods@6a84a97d]" started-at="2021-12-21T03:53:58 EST" name="getMethod" finished-at="2021-12-21T03:54:00 EST" duration-ms="1929" status="PASS">
          <reporter-output>
          </reporter-output>
        </test-method> <!-- getMethod -->
        <test-method signature="maximizeOrFullscreenMethod()[pri:2, instance:hw_13_12152021.UseOfDifferentMethods@6a84a97d]" started-at="2021-12-21T03:54:00 EST" name="maximizeOrFullscreenMethod" finished-at="2021-12-21T03:54:00 EST" duration-ms="167" status="PASS">
          <reporter-output>
          </reporter-output>
        </test-method> <!-- maximizeOrFullscreenMethod -->
        <test-method signature="deleteAllCookiesMethod()[pri:3, instance:hw_13_12152021.UseOfDifferentMethods@6a84a97d]" started-at="2021-12-21T03:54:00 EST" name="deleteAllCookiesMethod" finished-at="2021-12-21T03:54:00 EST" duration-ms="94" status="PASS">
          <reporter-output>
          </reporter-output>
        </test-method> <!-- deleteAllCookiesMethod -->
        <test-method signature="sleepMethod()[pri:4, instance:hw_13_12152021.UseOfDifferentMethods@6a84a97d]" started-at="2021-12-21T03:54:00 EST" name="sleepMethod" finished-at="2021-12-21T03:54:03 EST" duration-ms="3004" status="PASS">
          <reporter-output>
          </reporter-output>
        </test-method> <!-- sleepMethod -->
        <test-method signature="clickMethod()[pri:5, instance:hw_13_12152021.UseOfDifferentMethods@6a84a97d]" started-at="2021-12-21T03:54:03 EST" name="clickMethod" finished-at="2021-12-21T03:54:03 EST" duration-ms="109" status="PASS">
          <reporter-output>
          </reporter-output>
        </test-method> <!-- clickMethod -->
        <test-method signature="quitMethod()[pri:6, instance:hw_13_12152021.UseOfDifferentMethods@6a84a97d]" started-at="2021-12-21T03:54:03 EST" name="quitMethod" finished-at="2021-12-21T03:54:03 EST" duration-ms="290" status="PASS">
          <reporter-output>
          </reporter-output>
        </test-method> <!-- quitMethod -->
      </class> <!-- hw_13_12152021.UseOfDifferentMethods -->
    </test> <!-- Default test -->
  </suite> <!-- Default suite -->
</testng-results>
