<?xml version="1.0" encoding="UTF-8"?>
<testng-results ignored="0" total="7" passed="7" failed="0" skipped="0">
  <reporter-output>
  </reporter-output>
  <suite started-at="2022-01-05T03:29:43 EST" name="Default suite" finished-at="2022-01-05T03:30:03 EST" duration-ms="20124">
    <groups>
    </groups>
    <test started-at="2022-01-05T03:29:43 EST" name="Default test" finished-at="2022-01-05T03:30:03 EST" duration-ms="20124">
      <class name="hw_14_12152021.UseOfDifferentMethods14">
        <test-method is-config="true" signature="setupmethod()[pri:0, instance:hw_14_12152021.UseOfDifferentMethods14@223aa2f7]" started-at="2022-01-05T03:29:43 EST" name="setupmethod" finished-at="2022-01-05T03:29:51 EST" duration-ms="8292" status="PASS">
          <reporter-output>
          </reporter-output>
        </test-method> <!-- setupmethod -->
        <test-method signature="logotest()[pri:1, instance:hw_14_12152021.UseOfDifferentMethods14@223aa2f7]" started-at="2022-01-05T03:29:51 EST" name="logotest" finished-at="2022-01-05T03:29:51 EST" duration-ms="105" status="PASS">
          <reporter-output>
          </reporter-output>
        </test-method> <!-- logotest -->
        <test-method signature="loginButtonTest()[pri:2, instance:hw_14_12152021.UseOfDifferentMethods14@223aa2f7]" started-at="2022-01-05T03:29:51 EST" name="loginButtonTest" finished-at="2022-01-05T03:29:51 EST" duration-ms="37" status="PASS">
          <reporter-output>
          </reporter-output>
        </test-method> <!-- loginButtonTest -->
        <test-method signature="customerSupportMethod()[pri:3, instance:hw_14_12152021.UseOfDifferentMethods14@223aa2f7]" started-at="2022-01-05T03:29:51 EST" name="customerSupportMethod" finished-at="2022-01-05T03:29:51 EST" duration-ms="30" status="PASS">
          <reporter-output>
          </reporter-output>
        </test-method> <!-- customerSupportMethod -->
        <test-method signature="passwordTest()[pri:4, instance:hw_14_12152021.UseOfDifferentMethods14@223aa2f7]" started-at="2022-01-05T03:29:51 EST" name="passwordTest" finished-at="2022-01-05T03:30:00 EST" duration-ms="8314" status="PASS">
          <reporter-output>
          </reporter-output>
        </test-method> <!-- passwordTest -->
        <test-method signature="titleTest()[pri:5, instance:hw_14_12152021.UseOfDifferentMethods14@223aa2f7]" started-at="2022-01-05T03:30:00 EST" name="titleTest" finished-at="2022-01-05T03:30:03 EST" duration-ms="3013" status="PASS">
          <reporter-output>
          </reporter-output>
        </test-method> <!-- titleTest -->
        <test-method signature="currentURLTest()[pri:6, instance:hw_14_12152021.UseOfDifferentMethods14@223aa2f7]" started-at="2022-01-05T03:30:03 EST" name="currentURLTest" finished-at="2022-01-05T03:30:03 EST" duration-ms="12" status="PASS">
          <reporter-output>
          </reporter-output>
        </test-method> <!-- currentURLTest -->
        <test-method signature="getTextTest()[pri:7, instance:hw_14_12152021.UseOfDifferentMethods14@223aa2f7]" started-at="2022-01-05T03:30:03 EST" name="getTextTest" finished-at="2022-01-05T03:30:03 EST" duration-ms="37" status="PASS">
          <reporter-output>
          </reporter-output>
        </test-method> <!-- getTextTest -->
        <test-method is-config="true" signature="tearUp()[pri:0, instance:hw_14_12152021.UseOfDifferentMethods14@223aa2f7]" started-at="2022-01-05T03:30:03 EST" name="tearUp" finished-at="2022-01-05T03:30:03 EST" duration-ms="205" status="PASS">
          <reporter-output>
          </reporter-output>
        </test-method> <!-- tearUp -->
      </class> <!-- hw_14_12152021.UseOfDifferentMethods14 -->
    </test> <!-- Default test -->
  </suite> <!-- Default suite -->
</testng-results>
